<html>
<head>
<title>TestNG:  Test1</title>
<link href="../testng.css" rel="stylesheet" type="text/css" />
<link href="../my-testng.css" rel="stylesheet" type="text/css" />

<style type="text/css">
.log { display: none;} 
.stack-trace { display: none;} 
</style>
<script type="text/javascript">
<!--
function flip(e) {
  current = e.style.display;
  if (current == 'block') {
    e.style.display = 'none';
    return 0;
  }
  else {
    e.style.display = 'block';
    return 1;
  }
}

function toggleBox(szDivId, elem, msg1, msg2)
{
  var res = -1;  if (document.getElementById) {
    res = flip(document.getElementById(szDivId));
  }
  else if (document.all) {
    // this is the way old msie versions work
    res = flip(document.all[szDivId]);
  }
  if(elem) {
    if(res == 0) elem.innerHTML = msg1; else elem.innerHTML = msg2;
  }

}

function toggleAllBoxes() {
  if (document.getElementsByTagName) {
    d = document.getElementsByTagName('div');
    for (i = 0; i < d.length; i++) {
      if (d[i].className == 'log') {
        flip(d[i]);
      }
    }
  }
}

// -->
</script>

</head>
<body>
<h2 align='center'>Test1</h2><table border='1' align="center">
<tr>
<td>Tests passed/Failed/Skipped:</td><td>19/3/0</td>
</tr><tr>
<td>Started on:</td><td>Tue Jun 07 11:02:04 PKT 2022</td>
</tr>
<tr><td>Total time:</td><td>67 seconds (67274 ms)</td>
</tr><tr>
<td>Included groups:</td><td></td>
</tr><tr>
<td>Excluded groups:</td><td></td>
</tr>
</table><p/>
<small><i>(Hover the method name to see the test class name)</i></small><p/>
<table width='100%' border='1' class='invocation-failed'>
<tr><td colspan='4' align='center'><b>FAILED TESTS</b></td></tr>
<tr><td><b>Test method</b></td>
<td width="30%"><b>Exception</b></td>
<td width="10%"><b>Time (seconds)</b></td>
<td><b>Instance</b></td>
</tr>
<tr>
<td title='TestCases.Account_Register_test_cases.post_test_07_Verify_required_email()'><b>post_test_07_Verify_required_email</b><br>Test class: TestCases.Account_Register_test_cases<br>Parameters: Martin, Guptell, 0511144, Pakistan1122</td>
<td><div><pre>java.lang.AssertionError: Comparison of  Required email error code expected [124] but found [126]
	at TestCases.Account_Register_test_cases.post_test_07_Verify_required_email(Account_Register_test_cases.java:321)
	at java.base/java.util.ArrayList.forEach(ArrayList.java:1511)
... Removed 32 stack frames</pre></div><a href='#' onClick='toggleBox("stack-trace489519421", this, "Click to show all stack frames", "Click to hide stack frames")'>Click to show all stack frames</a>
<div class='stack-trace' id='stack-trace489519421'><pre>java.lang.AssertionError: Comparison of  Required email error code expected [124] but found [126]
	at org.testng.Assert.fail(Assert.java:110)
	at org.testng.Assert.failNotEquals(Assert.java:1413)
	at org.testng.Assert.assertEqualsImpl(Assert.java:149)
	at org.testng.Assert.assertEquals(Assert.java:131)
	at org.testng.Assert.assertEquals(Assert.java:1240)
	at TestCases.Account_Register_test_cases.post_test_07_Verify_required_email(Account_Register_test_cases.java:321)
	at java.base/jdk.internal.reflect.NativeMethodAccessorImpl.invoke0(Native Method)
	at java.base/jdk.internal.reflect.NativeMethodAccessorImpl.invoke(NativeMethodAccessorImpl.java:78)
	at java.base/jdk.internal.reflect.DelegatingMethodAccessorImpl.invoke(DelegatingMethodAccessorImpl.java:43)
	at java.base/java.lang.reflect.Method.invoke(Method.java:567)
	at org.testng.internal.invokers.MethodInvocationHelper.invokeMethod(MethodInvocationHelper.java:135)
	at org.testng.internal.invokers.TestInvoker.invokeMethod(TestInvoker.java:673)
	at org.testng.internal.invokers.TestInvoker.invokeTestMethod(TestInvoker.java:220)
	at org.testng.internal.invokers.MethodRunner.runInSequence(MethodRunner.java:50)
	at org.testng.internal.invokers.TestInvoker$MethodInvocationAgent.invoke(TestInvoker.java:945)
	at org.testng.internal.invokers.TestInvoker.invokeTestMethods(TestInvoker.java:193)
	at org.testng.internal.invokers.TestMethodWorker.invokeTestMethods(TestMethodWorker.java:146)
	at org.testng.internal.invokers.TestMethodWorker.run(TestMethodWorker.java:128)
	at java.base/java.util.ArrayList.forEach(ArrayList.java:1511)
	at org.testng.TestRunner.privateRun(TestRunner.java:808)
	at org.testng.TestRunner.run(TestRunner.java:603)
	at org.testng.SuiteRunner.runTest(SuiteRunner.java:429)
	at org.testng.SuiteRunner.runSequentially(SuiteRunner.java:423)
	at org.testng.SuiteRunner.privateRun(SuiteRunner.java:383)
	at org.testng.SuiteRunner.run(SuiteRunner.java:326)
	at org.testng.SuiteRunnerWorker.runSuite(SuiteRunnerWorker.java:52)
	at org.testng.SuiteRunnerWorker.run(SuiteRunnerWorker.java:95)
	at org.testng.TestNG.runSuitesSequentially(TestNG.java:1249)
	at org.testng.TestNG.runSuitesLocally(TestNG.java:1169)
	at org.testng.TestNG.runSuites(TestNG.java:1092)
	at org.testng.TestNG.run(TestNG.java:1060)
	at org.testng.remote.AbstractRemoteTestNG.run(AbstractRemoteTestNG.java:115)
	at org.testng.remote.RemoteTestNG.initAndRun(RemoteTestNG.java:251)
	at org.testng.remote.RemoteTestNG.main(RemoteTestNG.java:77)
</pre></div></td>
<td>1</td>
<td>TestCases.Account_Register_test_cases@3f91b517</td></tr>
<tr>
<td title='TestCases.Account_Register_test_cases.post_test_08_Verify_incorrect_email()'><b>post_test_08_Verify_incorrect_email</b><br>Test class: TestCases.Account_Register_test_cases<br>Parameters: Martin, Guptell, 0511144, Pakistan1122</td>
<td><div><pre>java.lang.NullPointerException: Cannot invoke &quot;java.lang.Integer.intValue()&quot; because the return value of &quot;io.restassured.response.Response.path(String, String[])&quot; is null
	at TestCases.Account_Register_test_cases.post_test_08_Verify_incorrect_email(Account_Register_test_cases.java:356)
	at java.base/java.util.ArrayList.forEach(ArrayList.java:1511)
... Removed 27 stack frames</pre></div><a href='#' onClick='toggleBox("stack-trace2000783824", this, "Click to show all stack frames", "Click to hide stack frames")'>Click to show all stack frames</a>
<div class='stack-trace' id='stack-trace2000783824'><pre>java.lang.NullPointerException: Cannot invoke &quot;java.lang.Integer.intValue()&quot; because the return value of &quot;io.restassured.response.Response.path(String, String[])&quot; is null
	at TestCases.Account_Register_test_cases.post_test_08_Verify_incorrect_email(Account_Register_test_cases.java:356)
	at java.base/jdk.internal.reflect.NativeMethodAccessorImpl.invoke0(Native Method)
	at java.base/jdk.internal.reflect.NativeMethodAccessorImpl.invoke(NativeMethodAccessorImpl.java:78)
	at java.base/jdk.internal.reflect.DelegatingMethodAccessorImpl.invoke(DelegatingMethodAccessorImpl.java:43)
	at java.base/java.lang.reflect.Method.invoke(Method.java:567)
	at org.testng.internal.invokers.MethodInvocationHelper.invokeMethod(MethodInvocationHelper.java:135)
	at org.testng.internal.invokers.TestInvoker.invokeMethod(TestInvoker.java:673)
	at org.testng.internal.invokers.TestInvoker.invokeTestMethod(TestInvoker.java:220)
	at org.testng.internal.invokers.MethodRunner.runInSequence(MethodRunner.java:50)
	at org.testng.internal.invokers.TestInvoker$MethodInvocationAgent.invoke(TestInvoker.java:945)
	at org.testng.internal.invokers.TestInvoker.invokeTestMethods(TestInvoker.java:193)
	at org.testng.internal.invokers.TestMethodWorker.invokeTestMethods(TestMethodWorker.java:146)
	at org.testng.internal.invokers.TestMethodWorker.run(TestMethodWorker.java:128)
	at java.base/java.util.ArrayList.forEach(ArrayList.java:1511)
	at org.testng.TestRunner.privateRun(TestRunner.java:808)
	at org.testng.TestRunner.run(TestRunner.java:603)
	at org.testng.SuiteRunner.runTest(SuiteRunner.java:429)
	at org.testng.SuiteRunner.runSequentially(SuiteRunner.java:423)
	at org.testng.SuiteRunner.privateRun(SuiteRunner.java:383)
	at org.testng.SuiteRunner.run(SuiteRunner.java:326)
	at org.testng.SuiteRunnerWorker.runSuite(SuiteRunnerWorker.java:52)
	at org.testng.SuiteRunnerWorker.run(SuiteRunnerWorker.java:95)
	at org.testng.TestNG.runSuitesSequentially(TestNG.java:1249)
	at org.testng.TestNG.runSuitesLocally(TestNG.java:1169)
	at org.testng.TestNG.runSuites(TestNG.java:1092)
	at org.testng.TestNG.run(TestNG.java:1060)
	at org.testng.remote.AbstractRemoteTestNG.run(AbstractRemoteTestNG.java:115)
	at org.testng.remote.RemoteTestNG.initAndRun(RemoteTestNG.java:251)
	at org.testng.remote.RemoteTestNG.main(RemoteTestNG.java:77)
</pre></div></td>
<td>1</td>
<td>TestCases.Account_Register_test_cases@3f91b517</td></tr>
<tr>
<td title='TestCases.Account_Register_test_cases.post_test_13_Verify_NoInDigit_Phone()'><b>post_test_13_Verify_NoInDigit_Phone</b><br>Test class: TestCases.Account_Register_test_cases<br>Parameters: Martin, Guptell, 0511144, Pakistan1122</td>
<td><div><pre>java.lang.AssertionError: Comparison of NonInDigit Phone  error code expected [128] but found [127]
	at TestCases.Account_Register_test_cases.post_test_13_Verify_NoInDigit_Phone(Account_Register_test_cases.java:536)
	at java.base/java.util.ArrayList.forEach(ArrayList.java:1511)
... Removed 32 stack frames</pre></div><a href='#' onClick='toggleBox("stack-trace531630701", this, "Click to show all stack frames", "Click to hide stack frames")'>Click to show all stack frames</a>
<div class='stack-trace' id='stack-trace531630701'><pre>java.lang.AssertionError: Comparison of NonInDigit Phone  error code expected [128] but found [127]
	at org.testng.Assert.fail(Assert.java:110)
	at org.testng.Assert.failNotEquals(Assert.java:1413)
	at org.testng.Assert.assertEqualsImpl(Assert.java:149)
	at org.testng.Assert.assertEquals(Assert.java:131)
	at org.testng.Assert.assertEquals(Assert.java:1240)
	at TestCases.Account_Register_test_cases.post_test_13_Verify_NoInDigit_Phone(Account_Register_test_cases.java:536)
	at java.base/jdk.internal.reflect.NativeMethodAccessorImpl.invoke0(Native Method)
	at java.base/jdk.internal.reflect.NativeMethodAccessorImpl.invoke(NativeMethodAccessorImpl.java:78)
	at java.base/jdk.internal.reflect.DelegatingMethodAccessorImpl.invoke(DelegatingMethodAccessorImpl.java:43)
	at java.base/java.lang.reflect.Method.invoke(Method.java:567)
	at org.testng.internal.invokers.MethodInvocationHelper.invokeMethod(MethodInvocationHelper.java:135)
	at org.testng.internal.invokers.TestInvoker.invokeMethod(TestInvoker.java:673)
	at org.testng.internal.invokers.TestInvoker.invokeTestMethod(TestInvoker.java:220)
	at org.testng.internal.invokers.MethodRunner.runInSequence(MethodRunner.java:50)
	at org.testng.internal.invokers.TestInvoker$MethodInvocationAgent.invoke(TestInvoker.java:945)
	at org.testng.internal.invokers.TestInvoker.invokeTestMethods(TestInvoker.java:193)
	at org.testng.internal.invokers.TestMethodWorker.invokeTestMethods(TestMethodWorker.java:146)
	at org.testng.internal.invokers.TestMethodWorker.run(TestMethodWorker.java:128)
	at java.base/java.util.ArrayList.forEach(ArrayList.java:1511)
	at org.testng.TestRunner.privateRun(TestRunner.java:808)
	at org.testng.TestRunner.run(TestRunner.java:603)
	at org.testng.SuiteRunner.runTest(SuiteRunner.java:429)
	at org.testng.SuiteRunner.runSequentially(SuiteRunner.java:423)
	at org.testng.SuiteRunner.privateRun(SuiteRunner.java:383)
	at org.testng.SuiteRunner.run(SuiteRunner.java:326)
	at org.testng.SuiteRunnerWorker.runSuite(SuiteRunnerWorker.java:52)
	at org.testng.SuiteRunnerWorker.run(SuiteRunnerWorker.java:95)
	at org.testng.TestNG.runSuitesSequentially(TestNG.java:1249)
	at org.testng.TestNG.runSuitesLocally(TestNG.java:1169)
	at org.testng.TestNG.runSuites(TestNG.java:1092)
	at org.testng.TestNG.run(TestNG.java:1060)
	at org.testng.remote.AbstractRemoteTestNG.run(AbstractRemoteTestNG.java:115)
	at org.testng.remote.RemoteTestNG.initAndRun(RemoteTestNG.java:251)
	at org.testng.remote.RemoteTestNG.main(RemoteTestNG.java:77)
</pre></div></td>
<td>1</td>
<td>TestCases.Account_Register_test_cases@3f91b517</td></tr>
</table><p>
<table width='100%' border='1' class='invocation-passed'>
<tr><td colspan='4' align='center'><b>PASSED TESTS</b></td></tr>
<tr><td><b>Test method</b></td>
<td width="30%"><b>Exception</b></td>
<td width="10%"><b>Time (seconds)</b></td>
<td><b>Instance</b></td>
</tr>
<tr>
<td title='TestCases.Account_Register_test_cases.post_test_12_Verify_maxlength_Phone()'><b>post_test_12_Verify_maxlength_Phone</b><br>Test class: TestCases.Account_Register_test_cases<br>Parameters: Martin, Guptell, 0511144, Pakistan1122</td>
<td></td>
<td>1</td>
<td>TestCases.Account_Register_test_cases@3f91b517</td></tr>
<tr>
<td title='TestCases.Account_Register_test_cases.post_test_14_Verify_DiffrentPasswords()'><b>post_test_14_Verify_DiffrentPasswords</b><br>Test class: TestCases.Account_Register_test_cases<br>Parameters: Martin, Guptell, 0511144, Pakistan1122</td>
<td></td>
<td>1</td>
<td>TestCases.Account_Register_test_cases@3f91b517</td></tr>
<tr>
<td title='TestCases.Forgot_Password_test_cases.post_test_01_Account_verify_without_confirmation()'><b>post_test_01_Account_verify_without_confirmation</b><br>Test class: TestCases.Forgot_Password_test_cases</td>
<td></td>
<td>1</td>
<td>TestCases.Forgot_Password_test_cases@132e0cc</td></tr>
<tr>
<td title='TestCases.Account_Register_test_cases.test_case_04_verify_account_is_verify()'><b>test_case_04_verify_account_is_verify</b><br>Test class: TestCases.Account_Register_test_cases<br>Parameters: Martin, Guptell, 0511144, Pakistan1122</td>
<td></td>
<td>26</td>
<td>TestCases.Account_Register_test_cases@3f91b517</td></tr>
<tr>
<td title='TestCases.Account_Register_test_cases.post_test_10_Verify_maxlength_firstname()'><b>post_test_10_Verify_maxlength_firstname</b><br>Test class: TestCases.Account_Register_test_cases<br>Parameters: Martin, Guptell, 0511144, Pakistan1122</td>
<td></td>
<td>1</td>
<td>TestCases.Account_Register_test_cases@3f91b517</td></tr>
<tr>
<td title='TestCases.Account_Register_test_cases.post_test_15_Verify_MinLenghtPassword()'><b>post_test_15_Verify_MinLenghtPassword</b><br>Test class: TestCases.Account_Register_test_cases<br>Parameters: Martin, Guptell, 0511144, Pakistan1122</td>
<td></td>
<td>1</td>
<td>TestCases.Account_Register_test_cases@3f91b517</td></tr>
<tr>
<td title='TestCases.Forgot_Password_test_cases.post_test_04_change_password_with_wrong_old_password()'><b>post_test_04_change_password_with_wrong_old_password</b><br>Test class: TestCases.Forgot_Password_test_cases</td>
<td></td>
<td>2</td>
<td>TestCases.Forgot_Password_test_cases@132e0cc</td></tr>
<tr>
<td title='TestCases.Account_Register_test_cases.post_test_01_Verify_new_account_register_status_code()'><b>post_test_01_Verify_new_account_register_status_code</b><br>Test class: TestCases.Account_Register_test_cases<br>Parameters: Martin, Guptell, 0511144, Pakistan1122</td>
<td></td>
<td>6</td>
<td>TestCases.Account_Register_test_cases@3f91b517</td></tr>
<tr>
<td title='TestCases.Company.post_test_01_Create_company()'><b>post_test_01_Create_company</b><br>Test class: TestCases.Company</td>
<td></td>
<td>1</td>
<td>TestCases.Company@2c78d320</td></tr>
<tr>
<td title='TestCases.Forgot_Password_test_cases.post_test_05_Minimum_length_password_for_changing_password()'><b>post_test_05_Minimum_length_password_for_changing_password</b><br>Test class: TestCases.Forgot_Password_test_cases</td>
<td></td>
<td>2</td>
<td>TestCases.Forgot_Password_test_cases@132e0cc</td></tr>
<tr>
<td title='TestCases.Forgot_Password_test_cases.post_test_06_change_password()'><b>post_test_06_change_password</b><br>Test class: TestCases.Forgot_Password_test_cases</td>
<td></td>
<td>3</td>
<td>TestCases.Forgot_Password_test_cases@132e0cc</td></tr>
<tr>
<td title='TestCases.Account_Register_test_cases.Get_test_03_Account_verify_without_confirmation()'><b>Get_test_03_Account_verify_without_confirmation</b><br>Test class: TestCases.Account_Register_test_cases<br>Parameters: Martin, Guptell, 0511144, Pakistan1122</td>
<td></td>
<td>1</td>
<td>TestCases.Account_Register_test_cases@3f91b517</td></tr>
<tr>
<td title='TestCases.Account_Register_test_cases.post_test_06_Verify_required_Lastname()'><b>post_test_06_Verify_required_Lastname</b><br>Test class: TestCases.Account_Register_test_cases<br>Parameters: Martin, Guptell, 0511144, Pakistan1122</td>
<td></td>
<td>1</td>
<td>TestCases.Account_Register_test_cases@3f91b517</td></tr>
<tr>
<td title='TestCases.Forgot_Password_test_cases.post_test_02_verify_incorrect_email_forogt_password()'><b>post_test_02_verify_incorrect_email_forogt_password</b><br>Test class: TestCases.Forgot_Password_test_cases</td>
<td></td>
<td>1</td>
<td>TestCases.Forgot_Password_test_cases@132e0cc</td></tr>
<tr>
<td title='TestCases.Forgot_Password_test_cases.post_test_03_verify_required_email_for_forgot_pwd()'><b>post_test_03_verify_required_email_for_forgot_pwd</b><br>Test class: TestCases.Forgot_Password_test_cases</td>
<td></td>
<td>1</td>
<td>TestCases.Forgot_Password_test_cases@132e0cc</td></tr>
<tr>
<td title='TestCases.Account_Register_test_cases.post_test_11_Verify_maxlength_LastName()'><b>post_test_11_Verify_maxlength_LastName</b><br>Test class: TestCases.Account_Register_test_cases<br>Parameters: Martin, Guptell, 0511144, Pakistan1122</td>
<td></td>
<td>1</td>
<td>TestCases.Account_Register_test_cases@3f91b517</td></tr>
<tr>
<td title='TestCases.Account_Register_test_cases.post_test_05_Verify_required_firstname()'><b>post_test_05_Verify_required_firstname</b><br>Test class: TestCases.Account_Register_test_cases<br>Parameters: Martin, Guptell, 0511144, Pakistan1122</td>
<td></td>
<td>1</td>
<td>TestCases.Account_Register_test_cases@3f91b517</td></tr>
<tr>
<td title='TestCases.Account_Register_test_cases.post_test_02_Verify_already_registered_account()'><b>post_test_02_Verify_already_registered_account</b><br>Test class: TestCases.Account_Register_test_cases<br>Parameters: Martin, Guptell, 0511144, Pakistan1122</td>
<td></td>
<td>1</td>
<td>TestCases.Account_Register_test_cases@3f91b517</td></tr>
<tr>
<td title='TestCases.Account_Register_test_cases.post_test_09_Verify_confirm_password_required()'><b>post_test_09_Verify_confirm_password_required</b><br>Test class: TestCases.Account_Register_test_cases<br>Parameters: Martin, Guptell, 0511144, Pakistan1122</td>
<td></td>
<td>1</td>
<td>TestCases.Account_Register_test_cases@3f91b517</td></tr>
</table><p>
</body>
</html>