<?xml version="1.0" encoding="UTF-8"?>
<!-- Generated by org.testng.reporters.JUnitXMLReporter -->
<testsuite ignored="0" hostname="TEO-Younas" failures="3" tests="22" name="Test1" time="67.274" errors="0" timestamp="2022-06-07T11:03:11 PKT">
  <testcase classname="TestCases.Account_Register_test_cases" name="post_test_01_Verify_new_account_register_status_code" time="6.811"/>
  <testcase classname="TestCases.Account_Register_test_cases" name="post_test_02_Verify_already_registered_account" time="1.12"/>
  <testcase classname="TestCases.Account_Register_test_cases" name="Get_test_03_Account_verify_without_confirmation" time="1.029"/>
  <testcase classname="TestCases.Account_Register_test_cases" name="test_case_04_verify_account_is_verify" time="26.611"/>
  <testcase classname="TestCases.Account_Register_test_cases" name="post_test_05_Verify_required_firstname" time="1.437"/>
  <testcase classname="TestCases.Account_Register_test_cases" name="post_test_06_Verify_required_Lastname" time="1.77"/>
  <testcase classname="TestCases.Account_Register_test_cases" name="post_test_07_Verify_required_email" time="1.4">
    <failure type="java.lang.AssertionError" message="Comparison of  Required email error code expected [124] but found [126]">
      <![CDATA[java.lang.AssertionError: Comparison of  Required email error code expected [124] but found [126]
at TestCases.Account_Register_test_cases.post_test_07_Verify_required_email(Account_Register_test_cases.java:321)
at java.base/java.util.ArrayList.forEach(ArrayList.java:1511)
... Removed 32 stack frames]]>
    </failure>
  </testcase> <!-- post_test_07_Verify_required_email -->
  <testcase classname="TestCases.Account_Register_test_cases" name="post_test_08_Verify_incorrect_email" time="1.447">
    <failure type="java.lang.NullPointerException" message="Cannot invoke &amp;quot;java.lang.Integer.intValue()&amp;quot; because the return value of &amp;quot;io.restassured.response.Response.path(String, String[])&amp;quot; is null">
      <![CDATA[java.lang.NullPointerException: Cannot invoke "java.lang.Integer.intValue()" because the return value of "io.restassured.response.Response.path(String, String[])" is null
at TestCases.Account_Register_test_cases.post_test_08_Verify_incorrect_email(Account_Register_test_cases.java:356)
at java.base/java.util.ArrayList.forEach(ArrayList.java:1511)
... Removed 27 stack frames]]>
    </failure>
  </testcase> <!-- post_test_08_Verify_incorrect_email -->
  <testcase classname="TestCases.Account_Register_test_cases" name="post_test_09_Verify_confirm_password_required" time="1.075"/>
  <testcase classname="TestCases.Account_Register_test_cases" name="post_test_10_Verify_maxlength_firstname" time="1.903"/>
  <testcase classname="TestCases.Account_Register_test_cases" name="post_test_11_Verify_maxlength_LastName" time="1.511"/>
  <testcase classname="TestCases.Account_Register_test_cases" name="post_test_12_Verify_maxlength_Phone" time="1.627"/>
  <testcase classname="TestCases.Account_Register_test_cases" name="post_test_13_Verify_NoInDigit_Phone" time="1.811">
    <failure type="java.lang.AssertionError" message="Comparison of NonInDigit Phone  error code expected [128] but found [127]">
      <![CDATA[java.lang.AssertionError: Comparison of NonInDigit Phone  error code expected [128] but found [127]
at TestCases.Account_Register_test_cases.post_test_13_Verify_NoInDigit_Phone(Account_Register_test_cases.java:536)
at java.base/java.util.ArrayList.forEach(ArrayList.java:1511)
... Removed 32 stack frames]]>
    </failure>
  </testcase> <!-- post_test_13_Verify_NoInDigit_Phone -->
  <testcase classname="TestCases.Account_Register_test_cases" name="post_test_14_Verify_DiffrentPasswords" time="1.517"/>
  <testcase classname="TestCases.Account_Register_test_cases" name="post_test_15_Verify_MinLenghtPassword" time="1.215"/>
  <testcase classname="TestCases.Company" name="post_test_01_Create_company" time="1.772"/>
  <testcase classname="TestCases.Forgot_Password_test_cases" name="post_test_01_Account_verify_without_confirmation" time="1.721"/>
  <testcase classname="TestCases.Forgot_Password_test_cases" name="post_test_02_verify_incorrect_email_forogt_password" time="1.141"/>
  <testcase classname="TestCases.Forgot_Password_test_cases" name="post_test_03_verify_required_email_for_forgot_pwd" time="1.192"/>
  <testcase classname="TestCases.Forgot_Password_test_cases" name="post_test_04_change_password_with_wrong_old_password" time="2.952"/>
  <testcase classname="TestCases.Forgot_Password_test_cases" name="post_test_05_Minimum_length_password_for_changing_password" time="2.781"/>
  <testcase classname="TestCases.Forgot_Password_test_cases" name="post_test_06_change_password" time="3.197"/>
</testsuite> <!-- Test1 -->
